<?xml version="1.0" encoding="UTF-8"?>
<testng-results skipped="0" failed="0" total="1" passed="1">
  <reporter-output>
  </reporter-output>
  <suite name="Default suite" duration-ms="1854" started-at="2022-06-17T17:18:20Z" finished-at="2022-06-17T17:18:22Z">
    <groups>
    </groups>
    <test name="Default test" duration-ms="1854" started-at="2022-06-17T17:18:20Z" finished-at="2022-06-17T17:18:22Z">
      <class name="test.vagrant.assignment.TeamRCBTest">
        <test-method status="PASS" signature="gettest()[pri:0, instance:test.vagrant.assignment.TeamRCBTest@6d00a15d]" name="gettest" duration-ms="1823" started-at="2022-06-17T22:48:20Z" finished-at="2022-06-17T22:48:22Z">
          <reporter-output>
          </reporter-output>
        </test-method> <!-- gettest -->
      </class> <!-- test.vagrant.assignment.TeamRCBTest -->
    </test> <!-- Default test -->
  </suite> <!-- Default suite -->
</testng-results>
